<?xml version="1.0" encoding="UTF-8"?>
<!-- Generated by org.testng.reporters.JUnitReportReporter -->
<testsuite hostname="LAPTOP-RCN14O7V" failures="0" tests="3" name="org.gaurav.SecondTestCase" time="0.008" errors="0" timestamp="2024-08-15T11:16:53 BST" skipped="0">
  <testcase classname="org.gaurav.SecondTestCase" name="testMethod1" time="0.001"/>
  <system-out/>
  <testcase classname="org.gaurav.SecondTestCase" name="testMethod2" time="0.006"/>
  <system-out/>
  <testcase classname="org.gaurav.SecondTestCase" name="testMethod3" time="0.001"/>
  <system-out/>
</testsuite> <!-- org.gaurav.SecondTestCase -->
