<?xml version="1.0" encoding="UTF-8"?>
<!-- Generated by org.testng.reporters.JUnitReportReporter -->
<testsuite hostname="LAPTOP-RCN14O7V" failures="0" tests="3" name="org.gaurav.FirstTestCase" time="0.012" errors="0" timestamp="2024-08-15T11:16:53 BST" skipped="0">
  <testcase classname="org.gaurav.FirstTestCase" name="setup" time="0.010"/>
  <system-out/>
  <testcase classname="org.gaurav.FirstTestCase" name="login" time="0.001"/>
  <system-out/>
  <testcase classname="org.gaurav.FirstTestCase" name="close" time="0.001"/>
  <system-out/>
</testsuite> <!-- org.gaurav.FirstTestCase -->
