<?xml version="1.0" encoding="UTF-8"?>
<!-- Generated by org.testng.reporters.JUnitReportReporter -->
<testsuite hostname="LAPTOP-RCN14O7V" failures="0" tests="3" name="org.gaurav.TestNGAnnotations1" time="0.011" errors="0" timestamp="2024-08-16T21:43:20 BST" skipped="0">
  <testcase classname="org.gaurav.TestNGAnnotations1" name="testMethod1" time="0.004"/>
  <system-out/>
  <testcase classname="org.gaurav.TestNGAnnotations1" name="testMethod2" time="0.004"/>
  <system-out/>
  <testcase classname="org.gaurav.TestNGAnnotations1" name="testMethod3" time="0.003"/>
  <system-out/>
</testsuite> <!-- org.gaurav.TestNGAnnotations1 -->
