<?xml version="1.0" encoding="UTF-8"?>
<!-- Generated by org.testng.reporters.JUnitReportReporter -->
<testsuite hostname="LAPTOP-RCN14O7V" failures="0" tests="1" name="org.gaurav.HomeLoanTest" time="0.001" errors="0" timestamp="2024-08-22T22:34:06 BST" skipped="0">
  <testcase classname="org.gaurav.HomeLoanTest" name="WebLoginHomeLoan" time="0.001"/>
  <system-out/>
</testsuite> <!-- org.gaurav.HomeLoanTest -->
