<?xml version="1.0" encoding="UTF-8"?>
<!-- Generated by org.testng.reporters.JUnitReportReporter -->
<testsuite hostname="LAPTOP-RCN14O7V" failures="0" tests="2" name="org.gaurav.TestNGAnnotations2" time="0.008" errors="0" timestamp="2024-08-16T21:43:20 BST" skipped="0">
  <testcase classname="org.gaurav.TestNGAnnotations2" name="testMethod4" time="0.006"/>
  <system-out/>
  <testcase classname="org.gaurav.TestNGAnnotations2" name="testMethod5" time="0.002"/>
  <system-out/>
</testsuite> <!-- org.gaurav.TestNGAnnotations2 -->
