<?xml version="1.0" encoding="UTF-8"?>
<!-- Generated by org.testng.reporters.JUnitReportReporter -->
<testsuite hostname="LAPTOP-RCN14O7V" failures="0" tests="3" name="org.gaurav.dependsOnMethod" time="0.022" errors="0" timestamp="2024-09-04T23:32:38 BST" skipped="0">
  <testcase classname="org.gaurav.dependsOnMethod" name="openBrowser" time="0.015"/>
  <system-out/>
  <testcase classname="org.gaurav.dependsOnMethod" name="signIn" time="0.003"/>
  <system-out/>
  <testcase classname="org.gaurav.dependsOnMethod" name="logOut" time="0.004"/>
  <system-out/>
</testsuite> <!-- org.gaurav.dependsOnMethod -->
