<?xml version="1.0" encoding="UTF-8"?>
<!-- Generated by org.testng.reporters.JUnitReportReporter -->
<testsuite hostname="LAPTOP-RCN14O7V" failures="0" tests="1" name="org.gaurav.CarLoanTest" time="0.009" errors="0" timestamp="2024-08-22T22:34:06 BST" skipped="0">
  <testcase classname="org.gaurav.CarLoanTest" name="WebLoginCarLoan" time="0.009"/>
  <system-out/>
</testsuite> <!-- org.gaurav.CarLoanTest -->
